<?xml version="1.0" encoding="UTF-8"?>
<!-- Generated by org.testng.reporters.JUnitXMLReporter -->
<testsuite ignored="2" hostname="Zenaida" failures="0" tests="5" name="Default test" time="28.478" errors="0" timestamp="2023-04-28T19:13:25 SGT">
  <testcase classname="Test.TestScenarios_Edureka" name="searchGoogle" time="6.215"/>
  <testcase classname="Test.TestScenarios_Edureka" name="validateHompage" time="0.005"/>
  <testcase classname="Test.TestScenarios_Edureka" name="loginEdureka" time="1.341"/>
  <testcase classname="Test.TestScenarios_Edureka" name="validateProfile" time="10.875"/>
  <testcase classname="Test.TestScenarios_Edureka" name="topicsOfInterest" time="9.457"/>
  <testcase classname="Test.TestScenarios_Edureka" name="clickSignUp" time="0.0">
    <ignored/>
  </testcase> <!-- clickSignUp -->
  <testcase classname="Test.TestScenarios_Edureka" name="enterDetails" time="0.0">
    <ignored/>
  </testcase> <!-- enterDetails -->
</testsuite> <!-- Default test -->
